\BOOKMARK [0][]{ctitle.0}{\376\377\127\372\116\216\123\330\122\006\201\352\177\026\170\001\126\150\166\204\116\244\220\032\145\160\143\156\130\153\121\105\173\227\154\325\213\276\213\241}{}% 1
\BOOKMARK [0][]{etitle.0}{\376\377\000D\000e\000s\000i\000g\000n\000\040\000o\000f\000\040\000T\000r\000a\000f\000f\000i\000c\000\040\000D\000a\000t\000a\000\040\000F\000i\000l\000l\000i\000n\000g\000\040\000A\000l\000g\000o\000r\000i\000t\000h\000m\000\040\000B\000a\000s\000e\000d\000\040\000o\000n\000\040\000V\000a\000r\000i\000a\000t\000i\000o\000n\000a\000l\000\040\000A\000u\000t\000o\000e\000n\000c\000o\000d\000e\000r}{}% 2
\BOOKMARK [0][]{section*.3}{\376\377\144\130\000\040\211\201}{}% 3
\BOOKMARK [0][]{section*.5}{\376\377\000A\000b\000s\000t\000r\000a\000c\000t}{}% 4
\BOOKMARK [0][]{ccontent.0}{\376\377\166\356\000\040\137\125}{}% 5
\BOOKMARK [0][]{chapter.1}{\376\377\173\054\0001\172\340\000\040\176\352\213\272}{}% 6
\BOOKMARK [1][-]{section.1.1}{\376\377\0001\000.\0001\000\040\213\376\230\230\170\024\172\166\200\314\146\157\123\312\141\017\116\111}{chapter.1}% 7
\BOOKMARK [1][-]{section.1.2}{\376\377\0001\000.\0002\000\040\126\375\121\205\131\026\170\024\172\166\163\260\162\266}{chapter.1}% 8
\BOOKMARK [2][-]{subsection.1.2.1}{\376\377\0001\000.\0002\000.\0001\000\040\127\372\116\216\176\337\213\241\147\072\126\150\133\146\116\140\166\204\177\072\131\061\120\074\130\153\121\105\173\227\154\325\170\024\172\166\163\260\162\266}{section.1.2}% 9
\BOOKMARK [2][-]{subsection.1.2.2}{\376\377\0001\000.\0002\000.\0002\000\040\127\372\116\216\165\037\142\020\152\041\127\213\166\204\177\072\131\061\120\074\130\153\121\105\173\227\154\325\170\024\172\166\163\260\162\266}{section.1.2}% 10
\BOOKMARK [2][-]{subsection.1.2.3}{\376\377\0001\000.\0002\000.\0003\000\040\127\372\116\216\123\330\122\006\201\352\177\026\170\001\126\150\166\204\177\072\131\061\120\074\130\153\121\105\173\227\154\325\170\024\172\166\163\260\162\266}{section.1.2}% 11
\BOOKMARK [1][-]{section.1.3}{\376\377\0001\000.\0003\000\040\147\054\145\207\166\204\116\073\211\201\170\024\172\166\121\205\133\271}{chapter.1}% 12
\BOOKMARK [1][-]{section.1.4}{\376\377\0001\000.\0004\000\040\147\054\145\207\166\204\176\304\176\307\176\323\147\204}{chapter.1}% 13
\BOOKMARK [0][]{chapter.2}{\376\377\173\054\0002\172\340\000\040\166\370\121\163\164\006\213\272\124\214\142\200\147\057\116\313\176\315}{}% 14
\BOOKMARK [1][-]{section.2.1}{\376\377\0002\000.\0001\000\040\137\025\212\000}{chapter.2}% 15
\BOOKMARK [1][-]{section.2.2}{\376\377\0002\000.\0002\000\040\127\316\136\002\116\244\220\032\177\121\176\334\166\370\121\163\164\006\213\272}{chapter.2}% 16
\BOOKMARK [2][-]{subsection.2.2.1}{\376\377\0002\000.\0002\000.\0001\000\040\116\244\220\032\150\005\150\074\145\160\143\156}{section.2.2}% 17
\BOOKMARK [2][-]{subsection.2.2.2}{\376\377\0002\000.\0002\000.\0002\000\040\145\160\143\156\177\072\131\061\147\072\122\066}{section.2.2}% 18
\BOOKMARK [1][-]{section.2.3}{\376\377\0002\000.\0003\000\040\123\167\171\357\217\320\173\227}{chapter.2}% 19
\BOOKMARK [2][-]{subsection.2.3.1}{\376\377\0002\000.\0003\000.\0001\000\040\146\156\220\032\123\167\171\357\124\214\217\154\177\156\123\167\171\357}{section.2.3}% 20
\BOOKMARK [2][-]{subsection.2.3.2}{\376\377\0002\000.\0003\000.\0002\000\040\0003\000D\123\167\171\357}{section.2.3}% 21
\BOOKMARK [1][-]{section.2.4}{\376\377\0002\000.\0004\000\040\000C\000o\000n\000v\000G\000R\000U}{chapter.2}% 22
\BOOKMARK [1][-]{section.2.5}{\376\377\0002\000.\0005\000\040\150\007\121\306\123\026\155\101\142\200\147\057}{chapter.2}% 23
\BOOKMARK [1][-]{section.2.6}{\376\377\0002\000.\0006\000\040\123\330\122\006\201\352\177\026\170\001\126\150}{chapter.2}% 24
\BOOKMARK [2][-]{subsection.2.6.1}{\376\377\0002\000.\0006\000.\0001\000\040\155\361\136\246\226\220\123\330\221\317\152\041\127\213}{section.2.6}% 25
\BOOKMARK [2][-]{subsection.2.6.2}{\376\377\0002\000.\0006\000.\0002\000\040\217\321\117\074\124\016\232\214}{section.2.6}% 26
\BOOKMARK [2][-]{subsection.2.6.3}{\376\377\0002\000.\0006\000.\0003\000\040\123\330\122\006\116\013\165\114}{section.2.6}% 27
\B